<?xml version="1.0" encoding="UTF-8"?>
<testng-results ignored="36" total="37" passed="0" failed="1" skipped="0">
  <reporter-output>
  </reporter-output>
  <suite started-at="2022-10-02T15:52:01 EDT" name="Suite1" finished-at="2022-10-02T15:52:20 EDT" duration-ms="19879">
    <groups>
    </groups>
    <test started-at="2022-10-02T15:52:01 EDT" name="Regression" finished-at="2022-10-02T15:52:20 EDT" duration-ms="19879">
      <class name="com.firebase.test.tests.AutomationScripts">
        <test-method is-config="true" signature="setupBeforetest()[pri:0, instance:com.firebase.test.tests.AutomationScripts@3d246ea3]" started-at="2022-10-02T15:52:01 EDT" name="setupBeforetest" finished-at="2022-10-02T15:52:01 EDT" duration-ms="43" status="PASS">
          <reporter-output>
          </reporter-output>
        </test-method> <!-- setupBeforetest -->
        <test-method is-config="true" signature="setUp(java.lang.String,java.lang.reflect.Method)[pri:0, instance:com.firebase.test.tests.AutomationScripts@3d246ea3]" started-at="2022-10-02T15:52:01 EDT" name="setUp" finished-at="2022-10-02T15:52:04 EDT" duration-ms="3111" status="PASS">
          <params>
            <param index="0">
              <value>
                <![CDATA[firefox]]>
              </value>
            </param>
            <param index="1">
              <value>
                <![CDATA[public static void com.firebase.test.tests.AutomationScripts.TestID_37blocking_An_Event_With_Weekly() throws java.io.IOException]]>
              </value>
            </param>
          </params>
          <reporter-output>
          </reporter-output>
        </test-method> <!-- setUp -->
        <test-method signature="TestID_37blocking_An_Event_With_Weekly()[pri:0, instance:com.firebase.test.tests.AutomationScripts@3d246ea3]" started-at="2022-10-02T15:52:04 EDT" name="TestID_37blocking_An_Event_With_Weekly" finished-at="2022-10-02T15:52:20 EDT" duration-ms="16549" status="FAIL">
          <exception class="org.openqa.selenium.support.ui.UnexpectedTagNameException">
            <message>
              <![CDATA[Element should have been "select" but was "input"
Build info: version: '4.4.0', revision: 'e5c75ed026a'
System info: host: 'Jitendras-MacBook-Air.local', ip: '2601:84:8801:82c0:edd8:2eb7:4c83:819d%en0', os.name: 'Mac OS X', os.arch: 'aarch64', os.version: '12.0.1', java.version: '17.0.4'
Driver info: driver.version: unknown]]>
            </message>
            <full-stacktrace>
              <![CDATA[org.openqa.selenium.support.ui.UnexpectedTagNameException: Element should have been "select" but was "input"
Build info: version: '4.4.0', revision: 'e5c75ed026a'
System info: host: 'Jitendras-MacBook-Air.local', ip: '2601:84:8801:82c0:edd8:2eb7:4c83:819d%en0', os.name: 'Mac OS X', os.arch: 'aarch64', os.version: '12.0.1', java.version: '17.0.4'
Driver info: driver.version: unknown
at org.openqa.selenium.support.ui.Select.<init>(Select.java:49)
at com.firebase.test.base.BaseTest.selectByVisibleText(BaseTest.java:305)
at com.firebase.test.tests.AutomationScripts.TestID_37blocking_An_Event_With_Weekly(AutomationScripts.java:858)
at java.base/jdk.internal.reflect.NativeMethodAccessorImpl.invoke0(Native Method)
at java.base/jdk.internal.reflect.NativeMethodAccessorImpl.invoke(NativeMethodAccessorImpl.java:77)
at java.base/jdk.internal.reflect.DelegatingMethodAccessorImpl.invoke(DelegatingMethodAccessorImpl.java:43)
at java.base/java.lang.reflect.Method.invoke(Method.java:568)
at org.testng.internal.MethodInvocationHelper.invokeMethod(MethodInvocationHelper.java:133)
at org.testng.internal.TestInvoker.invokeMethod(TestInvoker.java:598)
at org.testng.internal.TestInvoker.invokeTestMethod(TestInvoker.java:173)
at org.testng.internal.MethodRunner.runInSequence(MethodRunner.java:46)
at org.testng.internal.TestInvoker$MethodInvocationAgent.invoke(TestInvoker.java:824)
at org.testng.internal.TestInvoker.invokeTestMethods(TestInvoker.java:146)
at org.testng.internal.TestMethodWorker.invokeTestMethods(TestMethodWorker.java:146)
at org.testng.internal.TestMethodWorker.run(TestMethodWorker.java:128)
at java.base/java.util.ArrayList.forEach(ArrayList.java:1511)
at org.testng.TestRunner.privateRun(TestRunner.java:794)
at org.testng.TestRunner.run(TestRunner.java:596)
at org.testng.SuiteRunner.runTest(SuiteRunner.java:377)
at org.testng.SuiteRunner.runSequentially(SuiteRunner.java:371)
at org.testng.SuiteRunner.privateRun(SuiteRunner.java:332)
at org.testng.SuiteRunner.run(SuiteRunner.java:276)
at org.testng.SuiteRunnerWorker.runSuite(SuiteRunnerWorker.java:53)
at org.testng.SuiteRunnerWorker.run(SuiteRunnerWorker.java:96)
at org.testng.TestNG.runSuitesSequentially(TestNG.java:1212)
at org.testng.TestNG.runSuitesLocally(TestNG.java:1134)
at org.testng.TestNG.runSuites(TestNG.java:1063)
at org.testng.TestNG.run(TestNG.java:1031)
at org.testng.remote.AbstractRemoteTestNG.run(AbstractRemoteTestNG.java:115)
at org.testng.remote.RemoteTestNG.initAndRun(RemoteTestNG.java:251)
at org.testng.remote.RemoteTestNG.main(RemoteTestNG.java:77)
]]>
            </full-stacktrace>
          </exception> <!-- org.openqa.selenium.support.ui.UnexpectedTagNameException -->
          <reporter-output>
          </reporter-output>
        </test-method> <!-- TestID_37blocking_An_Event_With_Weekly -->
        <test-method is-config="true" signature="tearDown()[pri:0, instance:com.firebase.test.tests.AutomationScripts@3d246ea3]" started-at="2022-10-02T15:52:20 EDT" name="tearDown" finished-at="2022-10-02T15:52:20 EDT" duration-ms="1" status="PASS">
          <reporter-output>
          </reporter-output>
        </test-method> <!-- tearDown -->
        <test-method is-config="true" signature="teardownAfterTest()[pri:0, instance:com.firebase.test.tests.AutomationScripts@3d246ea3]" started-at="2022-10-02T15:52:20 EDT" name="teardownAfterTest" finished-at="2022-10-02T15:52:20 EDT" duration-ms="152" status="PASS">
          <reporter-output>
          </reporter-output>
        </test-method> <!-- teardownAfterTest -->
      </class> <!-- com.firebase.test.tests.AutomationScripts -->
    </test> <!-- Regression -->
  </suite> <!-- Suite1 -->
</testng-results>
