<?xml version="1.0" encoding="UTF-8"?>
<testng-results ignored="4" total="5" passed="1" failed="0" skipped="0">
  <reporter-output>
  </reporter-output>
  <suite started-at="2022-09-30T10:55:44 EDT" name="Suite1" finished-at="2022-09-30T10:55:51 EDT" duration-ms="6506">
    <groups>
    </groups>
    <test started-at="2022-09-30T10:55:44 EDT" name="Regression" finished-at="2022-09-30T10:55:51 EDT" duration-ms="6506">
      <class name="com.firebase.test.tests.AutomationScripts">
        <test-method is-config="true" signature="setupBeforetest()[pri:0, instance:com.firebase.test.tests.AutomationScripts@f99f5e0]" started-at="2022-09-30T10:55:44 EDT" name="setupBeforetest" finished-at="2022-09-30T10:55:44 EDT" duration-ms="46" status="PASS">
          <reporter-output>
          </reporter-output>
        </test-method> <!-- setupBeforetest -->
        <test-method is-config="true" signature="setUp(java.lang.String,java.lang.reflect.Method)[pri:0, instance:com.firebase.test.tests.AutomationScripts@f99f5e0]" started-at="2022-09-30T10:55:44 EDT" name="setUp" finished-at="2022-09-30T10:55:49 EDT" duration-ms="4364" status="PASS">
          <params>
            <param index="0">
              <value>
                <![CDATA[firefox]]>
              </value>
            </param>
            <param index="1">
              <value>
                <![CDATA[public static void com.firebase.test.tests.AutomationScripts.TestID_1LoginErrorMessage() throws java.lang.Exception]]>
              </value>
            </param>
          </params>
          <reporter-output>
          </reporter-output>
        </test-method> <!-- setUp -->
        <test-method signature="TestID_1LoginErrorMessage()[pri:0, instance:com.firebase.test.tests.AutomationScripts@f99f5e0]" started-at="2022-09-30T10:55:49 EDT" name="TestID_1LoginErrorMessage" finished-at="2022-09-30T10:55:49 EDT" duration-ms="712" status="PASS">
          <reporter-output>
          </reporter-output>
        </test-method> <!-- TestID_1LoginErrorMessage -->
        <test-method is-config="true" signature="tearDown()[pri:0, instance:com.firebase.test.tests.AutomationScripts@f99f5e0]" started-at="2022-09-30T10:55:49 EDT" name="tearDown" finished-at="2022-09-30T10:55:51 EDT" duration-ms="1268" status="PASS">
          <reporter-output>
          </reporter-output>
        </test-method> <!-- tearDown -->
        <test-method is-config="true" signature="teardownAfterTest()[pri:0, instance:com.firebase.test.tests.AutomationScripts@f99f5e0]" started-at="2022-09-30T10:55:51 EDT" name="teardownAfterTest" finished-at="2022-09-30T10:55:51 EDT" duration-ms="106" status="PASS">
          <reporter-output>
          </reporter-output>
        </test-method> <!-- teardownAfterTest -->
      </class> <!-- com.firebase.test.tests.AutomationScripts -->
    </test> <!-- Regression -->
  </suite> <!-- Suite1 -->
</testng-results>
